This is XeTeX, Version 3.1415926-2.4-0.9998 (TeX Live 2012) (format=xelatex 2012.8.26)  21 SEP 2012 08:33
entering extended mode
 restricted \write18 enabled.
 %&-line parsing enabled.
**SixSigma.tex
(./SixSigma.tex
LaTeX2e <2011/06/27>
Babel <v3.8m> and hyphenation patterns for english, dumylang, nohyphenation, uk
english, usenglishmax, portuguese, loaded.
(/usr/local/texlive/2012basic/texmf-dist/tex/xelatex/abntex/abnt.cls
Invalid UTF-8 byte or sequence at line 145 replaced by U+FFFD.
Invalid UTF-8 byte or sequence at line 145 replaced by U+FFFD.
Invalid UTF-8 byte or sequence at line 145 replaced by U+FFFD.
Invalid UTF-8 byte or sequence at line 148 replaced by U+FFFD.
Invalid UTF-8 byte or sequence at line 148 replaced by U+FFFD.
Invalid UTF-8 byte or sequence at line 149 replaced by U+FFFD.
Invalid UTF-8 byte or sequence at line 149 replaced by U+FFFD.
Invalid UTF-8 byte or sequence at line 155 replaced by U+FFFD.
Invalid UTF-8 byte or sequence at line 155 replaced by U+FFFD.
Invalid UTF-8 byte or sequence at line 155 replaced by U+FFFD.
Invalid UTF-8 byte or sequence at line 159 replaced by U+FFFD.
Invalid UTF-8 byte or sequence at line 159 replaced by U+FFFD.

(/usr/local/texlive/2012basic/texmf-dist/tex/xelatex/abntex/cvs-id.def
Invalid UTF-8 byte or sequence at line 19 replaced by U+FFFD.
Invalid UTF-8 byte or sequence at line 19 replaced by U+FFFD.
Invalid UTF-8 byte or sequence at line 19 replaced by U+FFFD.
Invalid UTF-8 byte or sequence at line 20 replaced by U+FFFD.
)
Document Class: abnt 2004/11/02 v1.27.2.1 Classe abnt (NBR6024, NBR6027, NBR602
8, NBR14724)
(/usr/local/texlive/2012basic/texmf-dist/tex/latex/base/ifthen.sty
Package: ifthen 2001/05/26 v1.1c Standard LaTeX ifthen package (DPC)
)
(/usr/local/texlive/2012basic/texmf-dist/tex/latex/tools/calc.sty
Package: calc 2007/08/22 v4.3 Infix arithmetic (KKT,FJ)
\calc@Acount=\count80
\calc@Bcount=\count81
\calc@Adimen=\dimen102
\calc@Bdimen=\dimen103
\calc@Askip=\skip41
\calc@Bskip=\skip42
LaTeX Info: Redefining \setlength on input line 76.
LaTeX Info: Redefining \addtolength on input line 77.
\calc@Ccount=\count82
\calc@Cskip=\skip43
)
(/usr/local/texlive/2012basic/texmf-dist/tex/latex/tools/multicol.sty
Package: multicol 2011/06/27 v1.7a multicolumn formatting (FMi)
\c@tracingmulticols=\count83
\mult@box=\box26
\multicol@leftmargin=\dimen104
\c@unbalance=\count84
\c@collectmore=\count85
\doublecol@number=\count86
\multicoltolerance=\count87
\multicolpretolerance=\count88
\full@width=\dimen105
\page@free=\dimen106
\premulticols=\dimen107
\postmulticols=\dimen108
\multicolsep=\skip44
\multicolbaselineskip=\skip45
\partial@page=\box27
\last@line=\box28
\mult@rightbox=\box29
\mult@grightbox=\box30
\mult@gfirstbox=\box31
\mult@firstbox=\box32
\@tempa=\box33
\@tempa=\box34
\@tempa=\box35
\@tempa=\box36
\@tempa=\box37
\@tempa=\box38
\@tempa=\box39
\@tempa=\box40
\@tempa=\box41
\@tempa=\box42
\@tempa=\box43
\@tempa=\box44
\@tempa=\box45
\@tempa=\box46
\@tempa=\box47
\@tempa=\box48
\@tempa=\box49
\c@columnbadness=\count89
\c@finalcolumnbadness=\count90
\last@try=\dimen109
\multicolovershoot=\dimen110
\multicolundershoot=\dimen111
\mult@nat@firstbox=\box50
\colbreak@box=\box51
\multicol@sort@counter=\count91
)
(/usr/local/texlive/2012basic/texmf-dist/tex/latex/base/report.cls
Document Class: report 2007/10/19 v1.4h Standard LaTeX document class
(/usr/local/texlive/2012basic/texmf-dist/tex/latex/base/size12.clo
File: size12.clo 2007/10/19 v1.4h Standard LaTeX file (size option)
)
\c@part=\count92
\c@chapter=\count93
\c@section=\count94
\c@subsection=\count95
\c@subsubsection=\count96
\c@paragraph=\count97
\c@subparagraph=\count98
\c@figure=\count99
\c@table=\count100
\abovecaptionskip=\skip46
\belowcaptionskip=\skip47
\bibindent=\dimen112
)
(/usr/local/texlive/2012basic/texmf-dist/tex/latex/setspace/setspace.sty
Package: setspace 2011/12/19 v6.7a set line spacing
)
\ABNTanapindent=\skip48
\ABNTsignwidth=\skip49
\ABNTsignthickness=\skip50
\ABNTsignskip=\skip51

(/usr/local/texlive/2012basic/texmf-dist/tex/latex/tools/indentfirst.sty
Package: indentfirst 1995/11/23 v1.03 Indent first paragraph (DPC)
))
(./Base.tex
(/usr/local/texlive/2012basic/texmf-dist/tex/generic/babel/babel.sty
Package: babel 2008/07/08 v3.8m The Babel package

(/usr/local/texlive/2012basic/texmf-dist/tex/generic/babel/portuges.ldf
Language: portuges 2008/03/18 v1.2q Portuguese support from the babel system

(/usr/local/texlive/2012basic/texmf-dist/tex/generic/babel/babel.def
File: babel.def 2008/07/08 v3.8m Babel common definitions
\babel@savecnt=\count101
\U@D=\dimen113
)
\l@brazilian = a dialect from \language\l@portuges 
Package babel Info: Making " an active character on input line 145.
))
(/usr/local/texlive/2012basic/texmf-dist/tex/latex/base/fontenc.sty
Package: fontenc 2005/09/27 v1.99g Standard LaTeX package

(/usr/local/texlive/2012basic/texmf-dist/tex/latex/base/t1enc.def
File: t1enc.def 2005/09/27 v1.99g Standard LaTeX file
LaTeX Font Info:    Redeclaring font encoding T1 on input line 43.
))
(/usr/local/texlive/2012basic/texmf-dist/tex/latex/lm/lmodern.sty
Package: lmodern 2009/10/30 v1.6 Latin Modern Fonts
LaTeX Font Info:    Overwriting symbol font `operators' in version `normal'
(Font)                  OT1/cmr/m/n --> OT1/lmr/m/n on input line 22.
LaTeX Font Info:    Overwriting symbol font `letters' in version `normal'
(Font)                  OML/cmm/m/it --> OML/lmm/m/it on input line 23.
LaTeX Font Info:    Overwriting symbol font `symbols' in version `normal'
(Font)                  OMS/cmsy/m/n --> OMS/lmsy/m/n on input line 24.
LaTeX Font Info:    Overwriting symbol font `largesymbols' in version `normal'
(Font)                  OMX/cmex/m/n --> OMX/lmex/m/n on input line 25.
LaTeX Font Info:    Overwriting symbol font `operators' in version `bold'
(Font)                  OT1/cmr/bx/n --> OT1/lmr/bx/n on input line 26.
LaTeX Font Info:    Overwriting symbol font `letters' in version `bold'
(Font)                  OML/cmm/b/it --> OML/lmm/b/it on input line 27.
LaTeX Font Info:    Overwriting symbol font `symbols' in version `bold'
(Font)                  OMS/cmsy/b/n --> OMS/lmsy/b/n on input line 28.
LaTeX Font Info:    Overwriting symbol font `largesymbols' in version `bold'
(Font)                  OMX/cmex/m/n --> OMX/lmex/m/n on input line 29.
LaTeX Font Info:    Overwriting math alphabet `\mathbf' in version `normal'
(Font)                  OT1/cmr/bx/n --> OT1/lmr/bx/n on input line 31.
LaTeX Font Info:    Overwriting math alphabet `\mathsf' in version `normal'
(Font)                  OT1/cmss/m/n --> OT1/lmss/m/n on input line 32.
LaTeX Font Info:    Overwriting math alphabet `\mathit' in version `normal'
(Font)                  OT1/cmr/m/it --> OT1/lmr/m/it on input line 33.
LaTeX Font Info:    Overwriting math alphabet `\mathtt' in version `normal'
(Font)                  OT1/cmtt/m/n --> OT1/lmtt/m/n on input line 34.
LaTeX Font Info:    Overwriting math alphabet `\mathbf' in version `bold'
(Font)                  OT1/cmr/bx/n --> OT1/lmr/bx/n on input line 35.
LaTeX Font Info:    Overwriting math alphabet `\mathsf' in version `bold'
(Font)                  OT1/cmss/bx/n --> OT1/lmss/bx/n on input line 36.
LaTeX Font Info:    Overwriting math alphabet `\mathit' in version `bold'
(Font)                  OT1/cmr/bx/it --> OT1/lmr/bx/it on input line 37.
LaTeX Font Info:    Overwriting math alphabet `\mathtt' in version `bold'
(Font)                  OT1/cmtt/m/n --> OT1/lmtt/m/n on input line 38.
)
(/usr/local/texlive/2012basic/texmf-dist/tex/latex/tabulary/tabulary.sty
Package: tabulary 2008/12/01 v0.9 tabulary package (DPC)

(/usr/local/texlive/2012basic/texmf-dist/tex/latex/tools/array.sty
Package: array 2008/09/09 v2.4c Tabular extension package (FMi)
\col@sep=\dimen114
\extrarowheight=\dimen115
\NC@list=\toks14
\extratabsurround=\skip52
\backup@length=\skip53
)
\TY@count=\count102
\TY@linewidth=\dimen116
\tymin=\dimen117
\tymax=\dimen118
\TY@tablewidth=\dimen119
)
(/usr/local/texlive/2012basic/texmf-dist/tex/latex/booktabs/booktabs.sty
Package: booktabs 2005/04/14 v1.61803 publication quality tables
\heavyrulewidth=\dimen120
\lightrulewidth=\dimen121
\cmidrulewidth=\dimen122
\belowrulesep=\dimen123
\belowbottomsep=\dimen124
\aboverulesep=\dimen125
\abovetopsep=\dimen126
\cmidrulesep=\dimen127
\cmidrulekern=\dimen128
\defaultaddspace=\dimen129
\@cmidla=\count103
\@cmidlb=\count104
\@aboverulesep=\dimen130
\@belowrulesep=\dimen131
\@thisruleclass=\count105
\@lastruleclass=\count106
\@thisrulewidth=\dimen132
)
(/usr/local/texlive/2012basic/texmf-dist/tex/latex/xcolor/xcolor.sty
Package: xcolor 2007/01/21 v2.11 LaTeX color extensions (UK)

(/usr/local/texlive/2012basic/texmf-dist/tex/latex/latexconfig/color.cfg
File: color.cfg 2007/01/18 v1.5 color configuration of teTeX/TeXLive
)
Package xcolor Info: Driver file: xetex.def on input line 225.

(/usr/local/texlive/2012basic/texmf-dist/tex/xelatex/xetex-def/xetex.def
File: xetex.def 2009/11/22 v0.94 LaTeX color/graphics driver for XeTeX (RRM/JK)

)
(/usr/local/texlive/2012basic/texmf-dist/tex/latex/colortbl/colortbl.sty
Package: colortbl 2012/02/13 v1.0a Color table columns (DPC)
\everycr=\toks15
\minrowclearance=\skip54
)
\rownum=\count107
Package xcolor Info: Model `cmy' substituted by `cmy0' on input line 1337.
Package xcolor Info: Model `RGB' extended on input line 1353.
Package xcolor Info: Model `HTML' substituted by `rgb' on input line 1355.
Package xcolor Info: Model `Hsb' substituted by `hsb' on input line 1356.
Package xcolor Info: Model `tHsb' substituted by `hsb' on input line 1357.
Package xcolor Info: Model `HSB' substituted by `hsb' on input line 1358.
Package xcolor Info: Model `Gray' substituted by `gray' on input line 1359.
Package xcolor Info: Model `wave' substituted by `hsb' on input line 1360.
)
(/usr/local/texlive/2012basic/texmf-dist/tex/latex/caption/caption.sty
Package: caption 2012/02/19 v3.2f Customizing captions (AR)

(/usr/local/texlive/2012basic/texmf-dist/tex/latex/caption/caption3.sty
Package: caption3 2012/01/12 v1.4b caption3 kernel (AR)

(/usr/local/texlive/2012basic/texmf-dist/tex/latex/graphics/keyval.sty
Package: keyval 1999/03/16 v1.13 key=value parser (DPC)
\KV@toks@=\toks16
)
\captionmargin=\dimen133
\captionmargin@=\dimen134
\captionwidth=\dimen135
\caption@indent=\dimen136
\caption@parindent=\dimen137
\caption@hangindent=\dimen138
)
\c@ContinuedFloat=\count108
)
(/usr/local/texlive/2012basic/texmf-dist/tex/latex/graphics/graphicx.sty
Package: graphicx 1999/02/16 v1.0f Enhanced LaTeX Graphics (DPC,SPQR)

(/usr/local/texlive/2012basic/texmf-dist/tex/latex/graphics/graphics.sty
Package: graphics 2009/02/05 v1.0o Standard LaTeX Graphics (DPC,SPQR)

(/usr/local/texlive/2012basic/texmf-dist/tex/latex/graphics/trig.sty
Package: trig 1999/03/16 v1.09 sin cos tan (DPC)
)
(/usr/local/texlive/2012basic/texmf-dist/tex/latex/latexconfig/graphics.cfg
File: graphics.cfg 2010/04/23 v1.9 graphics configuration of TeX Live
)
Package graphics Info: Driver file: xetex.def on input line 91.
)
\Gin@req@height=\dimen139
\Gin@req@width=\dimen140
)
(/usr/local/texlive/2012basic/texmf-dist/tex/latex/listings/listings.sty
\lst@mode=\count109
\lst@gtempboxa=\box52
\lst@token=\toks17
\lst@length=\count110
\lst@currlwidth=\dimen141
\lst@column=\count111
\lst@pos=\count112
\lst@lostspace=\dimen142
\lst@width=\dimen143
\lst@newlines=\count113
\lst@lineno=\count114
\lst@maxwidth=\dimen144

(/usr/local/texlive/2012basic/texmf-dist/tex/latex/listings/lstmisc.sty
File: lstmisc.sty 2007/02/22 1.4 (Carsten Heinz)
\c@lstnumber=\count115
\lst@skipnumbers=\count116
\lst@framebox=\box53
)
(/usr/local/texlive/2012basic/texmf-dist/tex/latex/listings/listings.cfg
File: listings.cfg 2007/02/22 1.4 listings configuration
))
Package: listings 2007/02/22 1.4 (Carsten Heinz)

(/usr/local/texlive/2012basic/texmf-dist/tex/latex/amsmath/amsmath.sty
Package: amsmath 2000/07/18 v2.13 AMS math features
\@mathmargin=\skip55

For additional information on amsmath, use the `?' option.
(/usr/local/texlive/2012basic/texmf-dist/tex/latex/amsmath/amstext.sty
Package: amstext 2000/06/29 v2.01

(/usr/local/texlive/2012basic/texmf-dist/tex/latex/amsmath/amsgen.sty
File: amsgen.sty 1999/11/30 v2.0
\@emptytoks=\toks18
\ex@=\dimen145
))
(/usr/local/texlive/2012basic/texmf-dist/tex/latex/amsmath/amsbsy.sty
Package: amsbsy 1999/11/29 v1.2d
\pmbraise@=\dimen146
)
(/usr/local/texlive/2012basic/texmf-dist/tex/latex/amsmath/amsopn.sty
Package: amsopn 1999/12/14 v2.01 operator names
)
\inf@bad=\count117
LaTeX Info: Redefining \frac on input line 211.
\uproot@=\count118
\leftroot@=\count119
LaTeX Info: Redefining \overline on input line 307.
\classnum@=\count120
\DOTSCASE@=\count121
LaTeX Info: Redefining \ldots on input line 379.
LaTeX Info: Redefining \dots on input line 382.
LaTeX Info: Redefining \cdots on input line 467.
\Mathstrutbox@=\box54
\strutbox@=\box55
\big@size=\dimen147
LaTeX Font Info:    Redeclaring font encoding OML on input line 567.
LaTeX Font Info:    Redeclaring font encoding OMS on input line 568.
\macc@depth=\count122
\c@MaxMatrixCols=\count123
\dotsspace@=\muskip10
\c@parentequation=\count124
\dspbrk@lvl=\count125
\tag@help=\toks19
\row@=\count126
\column@=\count127
\maxfields@=\count128
\andhelp@=\toks20
\eqnshift@=\dimen148
\alignsep@=\dimen149
\tagshift@=\dimen150
\tagwidth@=\dimen151
\totwidth@=\dimen152
\lineht@=\dimen153
\@envbody=\toks21
\multlinegap=\skip56
\multlinetaggap=\skip57
\mathdisplay@stack=\toks22
LaTeX Info: Redefining \[ on input line 2666.
LaTeX Info: Redefining \] on input line 2667.
)
(/usr/local/texlive/2012basic/texmf-dist/tex/latex/amsfonts/amssymb.sty
Package: amssymb 2009/06/22 v3.00

(/usr/local/texlive/2012basic/texmf-dist/tex/latex/amsfonts/amsfonts.sty
Package: amsfonts 2009/06/22 v3.00 Basic AMSFonts support
\symAMSa=\mathgroup4
\symAMSb=\mathgroup5
LaTeX Font Info:    Overwriting math alphabet `\mathfrak' in version `bold'
(Font)                  U/euf/m/n --> U/euf/b/n on input line 96.
))
(/usr/local/texlive/2012basic/texmf-dist/tex/xelatex/mathspec/mathspec.sty
Package: mathspec 2009/09/30 v0.2 LaTeX Package (Mathematics font selection for
 XeLaTeX)

(/usr/local/texlive/2012basic/texmf-dist/tex/latex/etoolbox/etoolbox.sty
Package: etoolbox 2011/01/03 v2.1 e-TeX tools for LaTeX

(/usr/local/texlive/2012basic/texmf-dist/tex/latex/etex-pkg/etex.sty
Package: etex 1998/03/26 v2.0 eTeX basic definition package (PEB)
\et@xins=\count129
)
\etb@tempcnta=\count130
)
(/usr/local/texlive/2012basic/texmf-dist/tex/generic/ifxetex/ifxetex.sty
Package: ifxetex 2010/09/12 v0.6 Provides ifxetex conditional
)
(/usr/local/texlive/2012basic/texmf-dist/tex/latex/fontspec/fontspec.sty
Package: fontspec 2012/05/06 v2.2b Advanced font selection for XeLaTeX/LuaLaTeX


(/usr/local/texlive/2012basic/texmf-dist/tex/latex/l3kernel/expl3.sty
(/usr/local/texlive/2012basic/texmf-dist/tex/latex/l3kernel/l3names.sty
(/usr/local/texlive/2012basic/texmf-dist/tex/latex/l3kernel/l3bootstrap.sty
Package: l3bootstrap 2012/07/16 v3991 L3 Experimental bootstrap code
)
Package: l3names 2012/07/16 v3990 L3 Namespace for primitives
)
Package: expl3 2012/09/05 v4205 L3 Experimental code bundle wrapper

(/usr/local/texlive/2012basic/texmf-dist/tex/latex/l3kernel/l3basics.sty
Package: l3basics 2012/08/27 v4144 L3 Basic definitions
)
(/usr/local/texlive/2012basic/texmf-dist/tex/latex/l3kernel/l3expan.sty
Package: l3expan 2012/08/28 v4149 L3 Argument expansion
)
(/usr/local/texlive/2012basic/texmf-dist/tex/latex/l3kernel/l3tl.sty
Package: l3tl 2012/09/05 v4201 L3 Token lists
)
(/usr/local/texlive/2012basic/texmf-dist/tex/latex/l3kernel/l3seq.sty
Package: l3seq 2012/08/14 v4092 L3 Sequences and stacks
)
(/usr/local/texlive/2012basic/texmf-dist/tex/latex/l3kernel/l3int.sty
Package: l3int 2012/08/17 v4121 L3 Integers
\c_max_int=\count131
\l_tmpa_int=\count132
\l_tmpb_int=\count133
\g_tmpa_int=\count134
\g_tmpb_int=\count135
\l_tmpc_int=\count136
)
(/usr/local/texlive/2012basic/texmf-dist/tex/latex/l3kernel/l3quark.sty
Package: l3quark 2012/08/08 v4065 L3 Quarks
)
(/usr/local/texlive/2012basic/texmf-dist/tex/latex/l3kernel/l3prg.sty
Package: l3prg 2012/08/16 v4114 L3 Control structures
\g__prg_map_int=\count137
)
(/usr/local/texlive/2012basic/texmf-dist/tex/latex/l3kernel/l3clist.sty
Package: l3clist 2012/08/15 v4102 L3 Comma separated lists
)
(/usr/local/texlive/2012basic/texmf-dist/tex/latex/l3kernel/l3token.sty
Package: l3token 2012/08/08 v4069 L3 Experimental token manipulation
)
(/usr/local/texlive/2012basic/texmf-dist/tex/latex/l3kernel/l3prop.sty
Package: l3prop 2012/09/03 v4190 L3 Property lists
)
(/usr/local/texlive/2012basic/texmf-dist/tex/latex/l3kernel/l3msg.sty
Package: l3msg 2012/08/28 v4147 L3 Messages
)
(/usr/local/texlive/2012basic/texmf-dist/tex/latex/l3kernel/l3file.sty
Package: l3file 2012/08/15 v4101 L3 File and I/O operations
\l__ior_stream_int=\count138
\l_iow_line_count_int=\count139
\l__iow_target_count_int=\count140
\l__iow_current_line_int=\count141
\l__iow_current_word_int=\count142
\l__iow_current_indentation_int=\count143
)
(/usr/local/texlive/2012basic/texmf-dist/tex/latex/l3kernel/l3skip.sty
Package: l3skip 2012/08/17 v4121 L3 Dimensions and skips
\l_tmpa_dim=\dimen154
\l_tmpb_dim=\dimen155
\g_tmpa_dim=\dimen156
\g_tmpb_dim=\dimen157
\l_tmpa_skip=\skip58
\l_tmpb_skip=\skip59
\g_tmpa_skip=\skip60
\g_tmpb_skip=\skip61
\c_zero_muskip=\muskip11
\c_max_muskip=\muskip12
\l_tmpa_muskip=\muskip13
\l_tmpb_muskip=\muskip14
\g_tmpa_muskip=\muskip15
\g_tmpb_muskip=\muskip16
)
(/usr/local/texlive/2012basic/texmf-dist/tex/latex/l3kernel/l3keys.sty
Package: l3keys 2012/07/16 v3991 L3 Experimental key-value interfaces
\g__keyval_level_int=\count144
\l_keys_choice_int=\count145
)
(/usr/local/texlive/2012basic/texmf-dist/tex/latex/l3kernel/l3fp.sty
Package: l3fp 2012/08/28 v4151 L3 Floating points
\c__fp_leading_shift_int=\count146
\c__fp_middle_shift_int=\count147
\c__fp_trailing_shift_int=\count148
\c__fp_big_leading_shift_int=\count149
\c__fp_big_middle_shift_int=\count150
\c__fp_big_trailing_shift_int=\count151
\c__fp_Bigg_leading_shift_int=\count152
\c__fp_Bigg_middle_shift_int=\count153
\c__fp_Bigg_trailing_shift_int=\count154
)
(/usr/local/texlive/2012basic/texmf-dist/tex/latex/l3kernel/l3box.sty
Package: l3box 2012/07/16 v3991 L3 Experimental boxes
\l_tmpb_box=\box56
\g_tmpa_box=\box57
\g_tmpb_box=\box58
)
(/usr/local/texlive/2012basic/texmf-dist/tex/latex/l3kernel/l3coffins.sty
Package: l3coffins 2012/08/14 v4092 L3 Coffin code layer
\l__coffin_internal_box=\box59
\l__coffin_internal_dim=\dimen158
\l__coffin_offset_x_dim=\dimen159
\l__coffin_offset_y_dim=\dimen160
\l__coffin_x_dim=\dimen161
\l__coffin_y_dim=\dimen162
\l__coffin_x_prime_dim=\dimen163
\l__coffin_y_prime_dim=\dimen164
\c_empty_coffin=\box60
\l__coffin_aligned_coffin=\box61
\l__coffin_aligned_internal_coffin=\box62
\l_tmpa_coffin=\box63
\l_tmpb_coffin=\box64
\l__coffin_display_coffin=\box65
\l__coffin_display_coord_coffin=\box66
\l__coffin_display_pole_coffin=\box67
\l__coffin_display_offset_dim=\dimen165
\l__coffin_display_x_dim=\dimen166
\l__coffin_display_y_dim=\dimen167
)
(/usr/local/texlive/2012basic/texmf-dist/tex/latex/l3kernel/l3color.sty
Package: l3color 2012/08/29 v4156 L3 Experimental color support
)
(/usr/local/texlive/2012basic/texmf-dist/tex/latex/l3kernel/l3luatex.sty
Package: l3luatex 2012/08/03 v4049 L3 Experimental LuaTeX-specific functions
\g__cctab_allocate_int=\count155
\g__cctab_stack_int=\count156
)
(/usr/local/texlive/2012basic/texmf-dist/tex/latex/l3kernel/l3candidates.sty
Package: l3candidates 2012/05/12 v3633 L3 Experimental additions to l3kernel
\l__box_top_dim=\dimen168
\l__box_bottom_dim=\dimen169
\l__box_left_dim=\dimen170
\l__box_right_dim=\dimen171
\l__box_top_new_dim=\dimen172
\l__box_bottom_new_dim=\dimen173
\l__box_left_new_dim=\dimen174
\l__box_right_new_dim=\dimen175
\l__box_internal_box=\box68
\l__coffin_bounding_shift_dim=\dimen176
\l__coffin_left_corner_dim=\dimen177
\l__coffin_right_corner_dim=\dimen178
\l__coffin_bottom_corner_dim=\dimen179
\l__coffin_top_corner_dim=\dimen180
\l__coffin_scaled_total_height_dim=\dimen181
\l__coffin_scaled_width_dim=\dimen182
))
(/usr/local/texlive/2012basic/texmf-dist/tex/latex/l3packages/xparse/xparse.sty
Package: xparse 2012/09/05 v4205 L3 Experimental document command parser
\l__xparse_current_arg_int=\count157
\l__xparse_m_args_int=\count158
\l__xparse_mandatory_args_int=\count159
\l__xparse_processor_int=\count160
\l__xparse_v_nesting_int=\count161
)
\l_fontspec_script_int=\count162
\l_fontspec_language_int=\count163
\l_fontspec_strnum_int=\count164
\l_fontspec_tmpa_dim=\dimen183
\l_fontspec_tmpb_dim=\dimen184
\l_fontspec_tmpc_dim=\dimen185
Variant \tl_gset:cV already defined; not changing it on line 66

(/usr/local/texlive/2012basic/texmf-dist/tex/latex/fontspec/fontspec-patches.st
y
Package: fontspec-patches 2012/05/06 v2.2b Advanced font selection for XeLaTeX/
LuaLaTeX
 (/usr/local/texlive/2012basic/texmf-dist/tex/latex/base/fixltx2e.sty
Package: fixltx2e 2006/09/13 v1.1m fixes to LaTeX
LaTeX Info: Redefining \em on input line 420.
LaTeX Info: The control sequence `\[' is already robust on input line 471.
LaTeX Info: The control sequence `\]' is already robust on input line 472.
)
LaTeX Info: Redefining \em on input line 22.
LaTeX Info: Redefining \emph on input line 29.
LaTeX Info: Redefining \- on input line 32.

*************************************************
* LaTeX warning: "xparse/redefine-command"
* 
* Redefining document command \oldstylenums with arg. spec. 'm' on line 107.
*************************************************
.................................................
. LaTeX info: "xparse/define-command"
. 
. Defining document command \liningnums with arg. spec. 'm' on line 111.
.................................................
)
(/usr/local/texlive/2012basic/texmf-dist/tex/latex/fontspec/fontspec-xetex.sty
Package: fontspec-xetex 2012/05/06 v2.2b Advanced font selection for XeLaTeX/Lu
aLaTeX

(/usr/local/texlive/2012basic/texmf-dist/tex/latex/base/fontenc.sty
Package: fontenc 2005/09/27 v1.99g Standard LaTeX package

(/usr/local/texlive/2012basic/texmf-dist/tex/latex/euenc/eu1enc.def
File: eu1enc.def 2010/05/27 v0.1h Experimental Unicode font encodings
)
LaTeX Font Info:    Try loading font information for EU1+lmr on input line 100.


(/usr/local/texlive/2012basic/texmf-dist/tex/latex/euenc/eu1lmr.fd
File: eu1lmr.fd 2009/10/30 v1.6 Font defs for Latin Modern
))
(/usr/local/texlive/2012basic/texmf-dist/tex/xelatex/xunicode/xunicode.sty
File: xunicode.sty 2011/09/09 v0.981 provides access to latin accents and many 
other characters in Unicode lower plane

(/usr/local/texlive/2012basic/texmf-dist/tex/latex/tipa/t3enc.def
File: t3enc.def 2001/12/31 T3 encoding
LaTeX Font Info:    Try loading font information for EU1+lmss on input line 357
.

(/usr/local/texlive/2012basic/texmf-dist/tex/latex/euenc/eu1lmss.fd
File: eu1lmss.fd 2009/10/30 v1.6 Font defs for Latin Modern
))
\tipaTiiicode=\count165
\tipasavetokens=\toks23
\tipachecktokens=\toks24
)
.................................................
. LaTeX info: "xparse/define-command"
. 
. Defining document command \fontspec with arg. spec. 'O{}m' on line 39.
.................................................
.................................................
. LaTeX info: "xparse/define-command"
. 
. Defining document command \setmainfont with arg. spec. 'O{}m' on line 43.
.................................................
.................................................
. LaTeX info: "xparse/define-command"
. 
. Defining document command \setsansfont with arg. spec. 'O{}m' on line 47.
.................................................
.................................................
. LaTeX info: "xparse/define-command"
. 
. Defining document command \setmonofont with arg. spec. 'O{}m' on line 51.
.................................................
.................................................
. LaTeX info: "xparse/define-command"
. 
. Defining document command \setmathrm with arg. spec. 'O{}m' on line 59.
.................................................
.................................................
. LaTeX info: "xparse/define-command"
. 
. Defining document command \setboldmathrm with arg. spec. 'O{}m' on line 62.
.................................................
.................................................
. LaTeX info: "xparse/define-command"
. 
. Defining document command \setmathsf with arg. spec. 'O{}m' on line 65.
.................................................
.................................................
. LaTeX info: "xparse/define-command"
. 
. Defining document command \setmathtt with arg. spec. 'O{}m' on line 68.
.................................................
.................................................
. LaTeX info: "xparse/define-command"
. 
. Defining document command \newfontfamily with arg. spec. 'mO{}m' on line 84.
.................................................
.................................................
. LaTeX info: "xparse/define-command"
. 
. Defining document command \newfontface with arg. spec. 'mO{}m' on line 87.
.................................................
.................................................
. LaTeX info: "xparse/define-command"
. 
. Defining document command \defaultfontfeatures with arg. spec. 'm' on line
. 91.
.................................................
.................................................
. LaTeX info: "xparse/define-command"
. 
. Defining document command \addfontfeatures with arg. spec. 'm' on line 107.
.................................................
.................................................
. LaTeX info: "xparse/define-command"
. 
. Defining document command \newfontfeature with arg. spec. 'mm' on line 118.
.................................................
.................................................
. LaTeX info: "xparse/define-command"
. 
. Defining document command \newAATfeature with arg. spec. 'mmmm' on line 125.
.................................................
.................................................
. LaTeX info: "xparse/define-command"
. 
. Defining document command \newICUfeature with arg. spec. 'mmm' on line 132.
.................................................
.................................................
. LaTeX info: "xparse/define-command"
. 
. Defining document command \aliasfontfeature with arg. spec. 'mm' on line
. 159.
.................................................
.................................................
. LaTeX info: "xparse/define-command"
. 
. Defining document command \aliasfontfeatureoption with arg. spec. 'mmm' on
. line 164.
.................................................
.................................................
. LaTeX info: "xparse/define-command"
. 
. Defining document command \newfontscript with arg. spec. 'mm' on line 169.
.................................................
.................................................
. LaTeX info: "xparse/define-command"
. 
. Defining document command \newfontlanguage with arg. spec. 'mm' on line 192.
.................................................
.................................................
. LaTeX info: "xparse/define-command"
. 
. Defining document command \DeclareFontsExtensions with arg. spec. 'm' on
. line 211.
.................................................
Variant \prop_gput:cnV already defined; not changing it on line 485
Variant \prop_gput:cnx already defined; not changing it on line 486
\l_fontspec_tmp_int=\count166
LaTeX Info: Redefining \itshape on input line 1893.
LaTeX Info: Redefining \slshape on input line 1897.
LaTeX Info: Redefining \scshape on input line 1901.
LaTeX Info: Redefining \upshape on input line 1905.

(/usr/local/texlive/2012basic/texmf-dist/tex/latex/fontspec/fontspec.cfg)))
(/usr/local/texlive/2012basic/texmf-dist/tex/latex/xkeyval/xkeyval.sty
Package: xkeyval 2008/08/13 v2.6a package option processing (HA)

(/usr/local/texlive/2012basic/texmf-dist/tex/generic/xkeyval/xkeyval.tex
\XKV@toks=\toks25
\XKV@tempa@toks=\toks26
\XKV@depth=\count167
File: xkeyval.tex 2008/08/13 v2.6a key=value parser (HA)
))
\c@eu@=\count168
\c@eu@i=\count169
\c@mkern=\count170
)
(/usr/local/texlive/2012basic/texmf-dist/tex/xelatex/abntex/abntcite.sty
Invalid UTF-8 byte or sequence at line 11 replaced by U+FFFD.
Invalid UTF-8 byte or sequence at line 11 replaced by U+FFFD.
Invalid UTF-8 byte or sequence at line 11 replaced by U+FFFD.
Invalid UTF-8 byte or sequence at line 14 replaced by U+FFFD.
Invalid UTF-8 byte or sequence at line 14 replaced by U+FFFD.
Invalid UTF-8 byte or sequence at line 14 replaced by U+FFFD.
Invalid UTF-8 byte or sequence at line 17 replaced by U+FFFD.
Invalid UTF-8 byte or sequence at line 17 replaced by U+FFFD.
Invalid UTF-8 byte or sequence at line 17 replaced by U+FFFD.
Invalid UTF-8 byte or sequence at line 21 replaced by U+FFFD.
Invalid UTF-8 byte or sequence at line 21 replaced by U+FFFD.
Invalid UTF-8 byte or sequence at line 21 replaced by U+FFFD.
Invalid UTF-8 byte or sequence at line 22 replaced by U+FFFD.
Invalid UTF-8 byte or sequence at line 22 replaced by U+FFFD.
Invalid UTF-8 byte or sequence at line 22 replaced by U+FFFD.
Invalid UTF-8 byte or sequence at line 25 replaced by U+FFFD.
Invalid UTF-8 byte or sequence at line 25 replaced by U+FFFD.
Invalid UTF-8 byte or sequence at line 25 replaced by U+FFFD.
Invalid UTF-8 byte or sequence at line 25 replaced by U+FFFD.

(/usr/local/texlive/2012basic/texmf-dist/tex/xelatex/abntex/cvs-id.def
Invalid UTF-8 byte or sequence at line 19 replaced by U+FFFD.
Invalid UTF-8 byte or sequence at line 19 replaced by U+FFFD.
Invalid UTF-8 byte or sequence at line 19 replaced by U+FFFD.
Invalid UTF-8 byte or sequence at line 20 replaced by U+FFFD.
)
Package: abntcite 2003/10/13 v1.26 Chamadas de referencias no texto (NBR10520)

(/usr/local/texlive/2012basic/texmf-dist/tex/xelatex/abntex/abntex-abrev.sty
Invalid UTF-8 byte or sequence at line 11 replaced by U+FFFD.
Invalid UTF-8 byte or sequence at line 11 replaced by U+FFFD.
Invalid UTF-8 byte or sequence at line 11 replaced by U+FFFD.
Invalid UTF-8 byte or sequence at line 14 replaced by U+FFFD.
Invalid UTF-8 byte or sequence at line 14 replaced by U+FFFD.
Invalid UTF-8 byte or sequence at line 14 replaced by U+FFFD.
Invalid UTF-8 byte or sequence at line 17 replaced by U+FFFD.
Invalid UTF-8 byte or sequence at line 17 replaced by U+FFFD.
Invalid UTF-8 byte or sequence at line 18 replaced by U+FFFD.
Invalid UTF-8 byte or sequence at line 19 replaced by U+FFFD.
Invalid UTF-8 byte or sequence at line 19 replaced by U+FFFD.
Invalid UTF-8 byte or sequence at line 19 replaced by U+FFFD.
Invalid UTF-8 byte or sequence at line 19 replaced by U+FFFD.
Invalid UTF-8 byte or sequence at line 20 replaced by U+FFFD.
Invalid UTF-8 byte or sequence at line 20 replaced by U+FFFD.

(/usr/local/texlive/2012basic/texmf-dist/tex/xelatex/abntex/cvs-id.def
Invalid UTF-8 byte or sequence at line 19 replaced by U+FFFD.
Invalid UTF-8 byte or sequence at line 19 replaced by U+FFFD.
Invalid UTF-8 byte or sequence at line 19 replaced by U+FFFD.
Invalid UTF-8 byte or sequence at line 20 replaced by U+FFFD.
)
Package: abntex-abrev 2003/10/13 v1.3 Abreviacoes

(/usr/local/texlive/2012basic/texmf-dist/tex/xelatex/abntex/nbr10522-1988.def
Invalid UTF-8 byte or sequence at line 11 replaced by U+FFFD.
Invalid UTF-8 byte or sequence at line 11 replaced by U+FFFD.
Invalid UTF-8 byte or sequence at line 11 replaced by U+FFFD.
Invalid UTF-8 byte or sequence at line 14 replaced by U+FFFD.
Invalid UTF-8 byte or sequence at line 14 replaced by U+FFFD.

(/usr/local/texlive/2012basic/texmf-dist/tex/xelatex/abntex/cvs-id.def
Invalid UTF-8 byte or sequence at line 19 replaced by U+FFFD.
Invalid UTF-8 byte or sequence at line 19 replaced by U+FFFD.
Invalid UTF-8 byte or sequence at line 19 replaced by U+FFFD.
Invalid UTF-8 byte or sequence at line 20 replaced by U+FFFD.
)
File: nbr10522-1988.def 2003/10/13 v1.2 Abreviacoes bibliograficas (NBR10522:19
88)
)
(/usr/local/texlive/2012basic/texmf-dist/tex/xelatex/abntex/abntex-abrev-pt_BR.
def
Invalid UTF-8 byte or sequence at line 11 replaced by U+FFFD.
Invalid UTF-8 byte or sequence at line 11 replaced by U+FFFD.
Invalid UTF-8 byte or sequence at line 11 replaced by U+FFFD.
Invalid UTF-8 byte or sequence at line 14 replaced by U+FFFD.
Invalid UTF-8 byte or sequence at line 14 replaced by U+FFFD.
Invalid UTF-8 byte or sequence at line 14 replaced by U+FFFD.
Invalid UTF-8 byte or sequence at line 14 replaced by U+FFFD.
Invalid UTF-8 byte or sequence at line 14 replaced by U+FFFD.
Invalid UTF-8 byte or sequence at line 14 replaced by U+FFFD.
 (/usr/local/texlive/2012basic/texmf-dist/tex/xelatex/abntex/cvs-id.def
Invalid UTF-8 byte or sequence at line 19 replaced by U+FFFD.
Invalid UTF-8 byte or sequence at line 19 replaced by U+FFFD.
Invalid UTF-8 byte or sequence at line 19 replaced by U+FFFD.
Invalid UTF-8 byte or sequence at line 20 replaced by U+FFFD.
)
File: abntex-abrev-pt_BR.def 2003/10/13 v1.2 definicao de abntex-abrev, traduca
o de termos en_US/pt_BR
)
Invalid UTF-8 byte or sequence at line 41 replaced by U+FFFD.
Invalid UTF-8 byte or sequence at line 45 replaced by U+FFFD.
Invalid UTF-8 byte or sequence at line 45 replaced by U+FFFD.
Invalid UTF-8 byte or sequence at line 48 replaced by U+FFFD.
Invalid UTF-8 byte or sequence at line 48 replaced by U+FFFD.
Invalid UTF-8 byte or sequence at line 48 replaced by U+FFFD.
Invalid UTF-8 byte or sequence at line 52 replaced by U+FFFD.
Invalid UTF-8 byte or sequence at line 52 replaced by U+FFFD.
Invalid UTF-8 byte or sequence at line 52 replaced by U+FFFD.
Invalid UTF-8 byte or sequence at line 55 replaced by U+FFFD.
Invalid UTF-8 byte or sequence at line 55 replaced by U+FFFD.
Invalid UTF-8 byte or sequence at line 55 replaced by U+FFFD.
Invalid UTF-8 byte or sequence at line 55 replaced by U+FFFD.
Invalid UTF-8 byte or sequence at line 58 replaced by U+FFFD.
Invalid UTF-8 byte or sequence at line 58 replaced by U+FFFD.
Invalid UTF-8 byte or sequence at line 58 replaced by U+FFFD.
Invalid UTF-8 byte or sequence at line 58 replaced by U+FFFD.
)
(/usr/local/texlive/2012basic/texmf-dist/tex/xelatex/abntex/nbr10520-2002.def
(/usr/local/texlive/2012basic/texmf-dist/tex/xelatex/abntex/cvs-id.def
Invalid UTF-8 byte or sequence at line 19 replaced by U+FFFD.
Invalid UTF-8 byte or sequence at line 19 replaced by U+FFFD.
Invalid UTF-8 byte or sequence at line 19 replaced by U+FFFD.
Invalid UTF-8 byte or sequence at line 20 replaced by U+FFFD.
)
File: nbr10520-2002.def 2003/10/13 v1.2 Definicoes para abntcite (NBR10520:2002
)
Invalid UTF-8 byte or sequence at line 14 replaced by U+FFFD.
Invalid UTF-8 byte or sequence at line 14 replaced by U+FFFD.
Invalid UTF-8 byte or sequence at line 14 replaced by U+FFFD.
Invalid UTF-8 byte or sequence at line 14 replaced by U+FFFD.
)
\minimumbiblabelwidth=\skip62
\ABCIauxlen=\skip63
\c@ABCIaux=\count171
\c@ABCImax=\count172
\biblabelsep=\skip64
LaTeX Info: Redefining \newblock on input line 562.
LaTeX Info: Redefining \cite on input line 589.
\ABCItoken=\toks27
)
(/usr/local/texlive/2012basic/texmf-dist/tex/latex/url/url.sty
\Urlmuskip=\muskip17
Package: url 2006/04/12  ver 3.3  Verb mode for urls, etc.
))
(./SixSigma.aux)
\openout1 = `SixSigma.aux'.

LaTeX Font Info:    Checking defaults for OML/cmm/m/it on input line 19.
LaTeX Font Info:    ... okay on input line 19.
LaTeX Font Info:    Checking defaults for T1/cmr/m/n on input line 19.
LaTeX Font Info:    ... okay on input line 19.
LaTeX Font Info:    Checking defaults for OT1/cmr/m/n on input line 19.
LaTeX Font Info:    ... okay on input line 19.
LaTeX Font Info:    Checking defaults for OMS/cmsy/m/n on input line 19.
LaTeX Font Info:    ... okay on input line 19.
LaTeX Font Info:    Checking defaults for OMX/cmex/m/n on input line 19.
LaTeX Font Info:    ... okay on input line 19.
LaTeX Font Info:    Checking defaults for U/cmr/m/n on input line 19.
LaTeX Font Info:    ... okay on input line 19.
LaTeX Font Info:    Checking defaults for EU1/lmr/m/n on input line 19.
LaTeX Font Info:    ... okay on input line 19.
LaTeX Font Info:    Checking defaults for T3/cmr/m/n on input line 19.
LaTeX Font Info:    Try loading font information for T3+cmr on input line 19.

(/usr/local/texlive/2012basic/texmf-dist/tex/latex/tipa/t3cmr.fd
File: t3cmr.fd 2001/12/31 TIPA font definitions
)
LaTeX Font Info:    ... okay on input line 19.
Package caption Info: Begin \AtBeginDocument code.
Package caption Info: listings package is loaded.
Package caption Info: End \AtBeginDocument code.
\c@lstlisting=\count173
LaTeX Font Info:    Try loading font information for OT1+lmr on input line 22.

(/usr/local/texlive/2012basic/texmf-dist/tex/latex/lm/ot1lmr.fd
File: ot1lmr.fd 2009/10/30 v1.6 Font defs for Latin Modern
)
LaTeX Font Info:    Try loading font information for OML+lmm on input line 22.

(/usr/local/texlive/2012basic/texmf-dist/tex/latex/lm/omllmm.fd
File: omllmm.fd 2009/10/30 v1.6 Font defs for Latin Modern
)
LaTeX Font Info:    Try loading font information for OMS+lmsy on input line 22.


(/usr/local/texlive/2012basic/texmf-dist/tex/latex/lm/omslmsy.fd
File: omslmsy.fd 2009/10/30 v1.6 Font defs for Latin Modern
)
LaTeX Font Info:    Try loading font information for OMX+lmex on input line 22.


(/usr/local/texlive/2012basic/texmf-dist/tex/latex/lm/omxlmex.fd
File: omxlmex.fd 2009/10/30 v1.6 Font defs for Latin Modern
)
LaTeX Font Info:    External font `lmex10' loaded for size
(Font)              <12> on input line 22.
LaTeX Font Info:    External font `lmex10' loaded for size
(Font)              <8> on input line 22.
LaTeX Font Info:    External font `lmex10' loaded for size
(Font)              <6> on input line 22.
LaTeX Font Info:    Try loading font information for U+msa on input line 22.

(/usr/local/texlive/2012basic/texmf-dist/tex/latex/amsfonts/umsa.fd
File: umsa.fd 2009/06/22 v3.00 AMS symbols A
)
LaTeX Font Info:    Try loading font information for U+msb on input line 22.

(/usr/local/texlive/2012basic/texmf-dist/tex/latex/amsfonts/umsb.fd
File: umsb.fd 2009/06/22 v3.00 AMS symbols B
) [0

]
[1] [2


] [3


] (./SixSigma.toc [4

] [5])
\tf@toc=\write3
\openout3 = `SixSigma.toc'.

 [6] (./SixSigma.lot)
\tf@lot=\write4
\openout4 = `SixSigma.lot'.

 [7


] (./SixSigma.lof)
\tf@lof=\write5
\openout5 = `SixSigma.lof'.


[8

]
Cap\'{\i }tulo 1.
[9

]
Cap\'{\i }tulo 2.
[10

]
Cap\'{\i }tulo 3.
[11

] [12]
File: img/curva.jpg Graphic file (type QTm)
 <use  "img/curva.jpg" > [13]
Cap\'{\i }tulo 4.
[14

] [15] [16] [17] [18] [19] [20] [21]
Cap\'{\i }tulo 5.
[22

]
+-------------------------------------------------------------------+
| Comentario, sugestao ou critica sobre o abnTeX? Entre em contato: |
|                  http://abntex.codigolivre.org.br                 |
+-------------------------------------------------------------------+
[23

] (./SixSigma.aux) ) 
Here is how much of TeX's memory you used:
 19429 strings out of 495659
 387573 string characters out of 3186569
 399152 words of memory out of 3000000
 22299 multiletter control sequences out of 15000+200000
 17122 words of font info for 52 fonts, out of 3000000 for 9000
 38 hyphenation exceptions out of 8191
 45i,10n,74p,811b,374s stack positions out of 5000i,500n,10000p,200000b,50000s

Output written on SixSigma.pdf (24 pages).
